
*** Running vivado
    with args -log top_xbar_0.vds -m64 -product Vivado -mode batch -messageDb vivado.pb -notrace -source top_xbar_0.tcl


****** Vivado v2020.1 (64-bit)
  **** SW Build 2902540 on Wed May 27 19:54:35 MDT 2020
  **** IP Build 2902112 on Wed May 27 22:43:36 MDT 2020
    ** Copyright 1986-2020 Xilinx, Inc. All Rights Reserved.

source top_xbar_0.tcl -notrace
INFO: [IP_Flow 19-234] Refreshing IP repositories
INFO: [IP_Flow 19-1700] Loaded user IP repository '/tmp/finn_dev_sss/code_gen_ipgen_StreamingDataflowPartition_0_IODMA_0_ere8ov1m/project_StreamingDataflowPartition_0_IODMA_0/sol1/impl/ip'.
INFO: [IP_Flow 19-1700] Loaded user IP repository '/tmp/finn_dev_sss/vivado_stitch_proj_18gxlg6w/ip'.
INFO: [IP_Flow 19-1700] Loaded user IP repository '/tmp/finn_dev_sss/code_gen_ipgen_StreamingDataflowPartition_1_StreamingFIFO_0_cu4fl12x/project_StreamingDataflowPartition_1_StreamingFIFO_0/sol1/impl/verilog'.
INFO: [IP_Flow 19-1700] Loaded user IP repository '/tmp/finn_dev_sss/code_gen_ipgen_StreamingDataflowPartition_1_Thresholding_Batch_0_w_zhxida/project_StreamingDataflowPartition_1_Thresholding_Batch_0/sol1/impl/ip'.
INFO: [IP_Flow 19-1700] Loaded user IP repository '/tmp/finn_dev_sss/code_gen_ipgen_StreamingDataflowPartition_1_StreamingDataWidthConverter_Batch_0_7ns0n1te/project_StreamingDataflowPartition_1_StreamingDataWidthConverter_Batch_0/sol1/impl/ip'.
INFO: [IP_Flow 19-1700] Loaded user IP repository '/tmp/finn_dev_sss/code_gen_ipgen_StreamingDataflowPartition_1_ConvolutionInputGenerator_0_2plq9v91/project_StreamingDataflowPartition_1_ConvolutionInputGenerator_0/sol1/impl/ip'.
INFO: [IP_Flow 19-1700] Loaded user IP repository '/tmp/finn_dev_sss/code_gen_ipgen_StreamingDataflowPartition_1_StreamingFIFO_1_l_qh9ked/project_StreamingDataflowPartition_1_StreamingFIFO_1/sol1/impl/verilog'.
INFO: [IP_Flow 19-1700] Loaded user IP repository '/tmp/finn_dev_sss/code_gen_ipgen_StreamingDataflowPartition_1_StreamingFCLayer_Batch_0_5y7ortnh/project_StreamingDataflowPartition_1_StreamingFCLayer_Batch_0/sol1/impl/ip'.
INFO: [IP_Flow 19-1700] Loaded user IP repository '/tmp/finn_dev_sss/code_gen_ipgen_StreamingDataflowPartition_1_StreamingDataWidthConverter_Batch_1_ryfj5l8r/project_StreamingDataflowPartition_1_StreamingDataWidthConverter_Batch_1/sol1/impl/ip'.
INFO: [IP_Flow 19-1700] Loaded user IP repository '/tmp/finn_dev_sss/code_gen_ipgen_StreamingDataflowPartition_1_ConvolutionInputGenerator_1_ddeuqxv_/project_StreamingDataflowPartition_1_ConvolutionInputGenerator_1/sol1/impl/ip'.
INFO: [IP_Flow 19-1700] Loaded user IP repository '/tmp/finn_dev_sss/code_gen_ipgen_StreamingDataflowPartition_1_StreamingFIFO_2_0vj_ene3/project_StreamingDataflowPartition_1_StreamingFIFO_2/sol1/impl/verilog'.
INFO: [IP_Flow 19-1700] Loaded user IP repository '/tmp/finn_dev_sss/code_gen_ipgen_StreamingDataflowPartition_1_StreamingFCLayer_Batch_1_yiotub7i/project_StreamingDataflowPartition_1_StreamingFCLayer_Batch_1/sol1/impl/ip'.
INFO: [IP_Flow 19-1700] Loaded user IP repository '/tmp/finn_dev_sss/code_gen_ipgen_StreamingDataflowPartition_1_StreamingDataWidthConverter_Batch_2_mdrtszqr/project_StreamingDataflowPartition_1_StreamingDataWidthConverter_Batch_2/sol1/impl/ip'.
INFO: [IP_Flow 19-1700] Loaded user IP repository '/tmp/finn_dev_sss/code_gen_ipgen_StreamingDataflowPartition_1_StreamingMaxPool_Batch_0_mmiblctu/project_StreamingDataflowPartition_1_StreamingMaxPool_Batch_0/sol1/impl/ip'.
INFO: [IP_Flow 19-1700] Loaded user IP repository '/tmp/finn_dev_sss/code_gen_ipgen_StreamingDataflowPartition_1_StreamingDataWidthConverter_Batch_3_ag6ln_o_/project_StreamingDataflowPartition_1_StreamingDataWidthConverter_Batch_3/sol1/impl/ip'.
INFO: [IP_Flow 19-1700] Loaded user IP repository '/tmp/finn_dev_sss/code_gen_ipgen_StreamingDataflowPartition_1_ConvolutionInputGenerator_2_ht7s87v_/project_StreamingDataflowPartition_1_ConvolutionInputGenerator_2/sol1/impl/ip'.
INFO: [IP_Flow 19-1700] Loaded user IP repository '/tmp/finn_dev_sss/code_gen_ipgen_StreamingDataflowPartition_1_StreamingFIFO_3__79zh4iw/project_StreamingDataflowPartition_1_StreamingFIFO_3/sol1/impl/verilog'.
INFO: [IP_Flow 19-1700] Loaded user IP repository '/tmp/finn_dev_sss/code_gen_ipgen_StreamingDataflowPartition_1_StreamingFCLayer_Batch_2_il17gtiz/project_StreamingDataflowPartition_1_StreamingFCLayer_Batch_2/sol1/impl/ip'.
INFO: [IP_Flow 19-1700] Loaded user IP repository '/tmp/finn_dev_sss/code_gen_ipgen_StreamingDataflowPartition_1_StreamingDataWidthConverter_Batch_4_dc3ftzxh/project_StreamingDataflowPartition_1_StreamingDataWidthConverter_Batch_4/sol1/impl/ip'.
INFO: [IP_Flow 19-1700] Loaded user IP repository '/tmp/finn_dev_sss/code_gen_ipgen_StreamingDataflowPartition_1_ConvolutionInputGenerator_3_pssgzh40/project_StreamingDataflowPartition_1_ConvolutionInputGenerator_3/sol1/impl/ip'.
INFO: [IP_Flow 19-1700] Loaded user IP repository '/tmp/finn_dev_sss/code_gen_ipgen_StreamingDataflowPartition_1_StreamingFIFO_4_zeql4ekk/project_StreamingDataflowPartition_1_StreamingFIFO_4/sol1/impl/verilog'.
INFO: [IP_Flow 19-1700] Loaded user IP repository '/tmp/finn_dev_sss/code_gen_ipgen_StreamingDataflowPartition_1_StreamingFCLayer_Batch_3_alvtnnuz/project_StreamingDataflowPartition_1_StreamingFCLayer_Batch_3/sol1/impl/ip'.
INFO: [IP_Flow 19-1700] Loaded user IP repository '/tmp/finn_dev_sss/code_gen_ipgen_StreamingDataflowPartition_1_StreamingDataWidthConverter_Batch_5_82cgevvb/project_StreamingDataflowPartition_1_StreamingDataWidthConverter_Batch_5/sol1/impl/ip'.
INFO: [IP_Flow 19-1700] Loaded user IP repository '/tmp/finn_dev_sss/code_gen_ipgen_StreamingDataflowPartition_1_StreamingMaxPool_Batch_1_ky2exc2g/project_StreamingDataflowPartition_1_StreamingMaxPool_Batch_1/sol1/impl/ip'.
INFO: [IP_Flow 19-1700] Loaded user IP repository '/tmp/finn_dev_sss/code_gen_ipgen_StreamingDataflowPartition_1_StreamingDataWidthConverter_Batch_6_m_2z6qkt/project_StreamingDataflowPartition_1_StreamingDataWidthConverter_Batch_6/sol1/impl/ip'.
INFO: [IP_Flow 19-1700] Loaded user IP repository '/tmp/finn_dev_sss/code_gen_ipgen_StreamingDataflowPartition_1_ConvolutionInputGenerator_4_eqzgsyfw/project_StreamingDataflowPartition_1_ConvolutionInputGenerator_4/sol1/impl/ip'.
INFO: [IP_Flow 19-1700] Loaded user IP repository '/tmp/finn_dev_sss/code_gen_ipgen_StreamingDataflowPartition_1_StreamingFIFO_5_mo9396az/project_StreamingDataflowPartition_1_StreamingFIFO_5/sol1/impl/verilog'.
INFO: [IP_Flow 19-1700] Loaded user IP repository '/tmp/finn_dev_sss/code_gen_ipgen_StreamingDataflowPartition_1_StreamingFCLayer_Batch_4_whnqdlr3/project_StreamingDataflowPartition_1_StreamingFCLayer_Batch_4/sol1/impl/ip'.
INFO: [IP_Flow 19-1700] Loaded user IP repository '/tmp/finn_dev_sss/code_gen_ipgen_StreamingDataflowPartition_1_StreamingDataWidthConverter_Batch_7_7gxppv9w/project_StreamingDataflowPartition_1_StreamingDataWidthConverter_Batch_7/sol1/impl/ip'.
INFO: [IP_Flow 19-1700] Loaded user IP repository '/tmp/finn_dev_sss/code_gen_ipgen_StreamingDataflowPartition_1_ConvolutionInputGenerator_5_pojqdxgg/project_StreamingDataflowPartition_1_ConvolutionInputGenerator_5/sol1/impl/ip'.
INFO: [IP_Flow 19-1700] Loaded user IP repository '/tmp/finn_dev_sss/code_gen_ipgen_StreamingDataflowPartition_1_StreamingFCLayer_Batch_5_kje_dp2x/project_StreamingDataflowPartition_1_StreamingFCLayer_Batch_5/sol1/impl/ip'.
INFO: [IP_Flow 19-1700] Loaded user IP repository '/tmp/finn_dev_sss/code_gen_ipgen_StreamingDataflowPartition_1_StreamingDataWidthConverter_Batch_8_rb5w989_/project_StreamingDataflowPartition_1_StreamingDataWidthConverter_Batch_8/sol1/impl/ip'.
INFO: [IP_Flow 19-1700] Loaded user IP repository '/tmp/finn_dev_sss/code_gen_ipgen_StreamingDataflowPartition_1_StreamingFCLayer_Batch_6_r9nort93/project_StreamingDataflowPartition_1_StreamingFCLayer_Batch_6/sol1/impl/ip'.
INFO: [IP_Flow 19-1700] Loaded user IP repository '/tmp/finn_dev_sss/code_gen_ipgen_StreamingDataflowPartition_1_StreamingDataWidthConverter_Batch_9_tb4fo4bg/project_StreamingDataflowPartition_1_StreamingDataWidthConverter_Batch_9/sol1/impl/ip'.
INFO: [IP_Flow 19-1700] Loaded user IP repository '/tmp/finn_dev_sss/code_gen_ipgen_StreamingDataflowPartition_1_StreamingFIFO_6_60ta16i9/project_StreamingDataflowPartition_1_StreamingFIFO_6/sol1/impl/verilog'.
INFO: [IP_Flow 19-1700] Loaded user IP repository '/tmp/finn_dev_sss/code_gen_ipgen_StreamingDataflowPartition_1_StreamingFCLayer_Batch_7_zb7m9b_j/project_StreamingDataflowPartition_1_StreamingFCLayer_Batch_7/sol1/impl/ip'.
INFO: [IP_Flow 19-1700] Loaded user IP repository '/tmp/finn_dev_sss/code_gen_ipgen_StreamingDataflowPartition_1_StreamingFIFO_7_s_y0rj0_/project_StreamingDataflowPartition_1_StreamingFIFO_7/sol1/impl/verilog'.
INFO: [IP_Flow 19-1700] Loaded user IP repository '/tmp/finn_dev_sss/code_gen_ipgen_StreamingDataflowPartition_1_StreamingFCLayer_Batch_8_e6f9ejst/project_StreamingDataflowPartition_1_StreamingFCLayer_Batch_8/sol1/impl/ip'.
INFO: [IP_Flow 19-1700] Loaded user IP repository '/tmp/finn_dev_sss/code_gen_ipgen_StreamingDataflowPartition_1_StreamingDataWidthConverter_Batch_10_zb_p1o7p/project_StreamingDataflowPartition_1_StreamingDataWidthConverter_Batch_10/sol1/impl/ip'.
INFO: [IP_Flow 19-1700] Loaded user IP repository '/tmp/finn_dev_sss/code_gen_ipgen_StreamingDataflowPartition_1_LabelSelect_Batch_0_n_dbes4o/project_StreamingDataflowPartition_1_LabelSelect_Batch_0/sol1/impl/ip'.
INFO: [IP_Flow 19-1700] Loaded user IP repository '/tmp/finn_dev_sss/code_gen_ipgen_StreamingDataflowPartition_1_StreamingFIFO_8_b5i44e7w/project_StreamingDataflowPartition_1_StreamingFIFO_8/sol1/impl/verilog'.
INFO: [IP_Flow 19-1700] Loaded user IP repository '/tmp/finn_dev_sss/vivado_stitch_proj_rpv93_yb/ip'.
INFO: [IP_Flow 19-1700] Loaded user IP repository '/tmp/finn_dev_sss/code_gen_ipgen_StreamingDataflowPartition_2_IODMA_0_w8au1qyj/project_StreamingDataflowPartition_2_IODMA_0/sol1/impl/ip'.
INFO: [IP_Flow 19-1700] Loaded user IP repository '/tmp/finn_dev_sss/vivado_stitch_proj_mgfj5tcl/ip'.
INFO: [IP_Flow 19-2313] Loaded Vivado IP repository '/tools/Xilinx/Vivado/2020.1/data/ip'.
Command: synth_design -top top_xbar_0 -part xc7z020clg400-1 -mode out_of_context
Starting synth_design
Attempting to get a license for feature 'Synthesis' and/or device 'xc7z020'
INFO: [Common 17-349] Got license for feature 'Synthesis' and/or device 'xc7z020'
INFO: [Device 21-403] Loading part xc7z020clg400-1
INFO: [Synth 8-7079] Multithreading enabled for synth_design using a maximum of 4 processes.
INFO: [Synth 8-7078] Launching helper process for spawning children vivado processes
INFO: [Synth 8-7075] Helper process launched with PID 13703
---------------------------------------------------------------------------------
Starting RTL Elaboration : Time (s): cpu = 00:00:05 ; elapsed = 00:00:10 . Memory (MB): peak = 2118.594 ; gain = 2.949 ; free physical = 757 ; free virtual = 3810
---------------------------------------------------------------------------------
INFO: [Synth 8-6157] synthesizing module 'top_xbar_0' [/tmp/finn_dev_sss/vivado_zynq_proj_2lwn5jog/finn_zynq_link.srcs/sources_1/bd/top/ip/top_xbar_0/synth/top_xbar_0.v:59]
INFO: [Synth 8-6157] synthesizing module 'axi_crossbar_v2_1_22_axi_crossbar' [/tmp/finn_dev_sss/vivado_zynq_proj_2lwn5jog/finn_zynq_link.srcs/sources_1/bd/top/ipshared/b68e/hdl/axi_crossbar_v2_1_vl_rfs.v:4884]
	Parameter C_FAMILY bound to: zynq - type: string 
	Parameter C_NUM_SLAVE_SLOTS bound to: 1 - type: integer 
	Parameter C_NUM_MASTER_SLOTS bound to: 2 - type: integer 
	Parameter C_AXI_ID_WIDTH bound to: 1 - type: integer 
	Parameter C_AXI_ADDR_WIDTH bound to: 32 - type: integer 
	Parameter C_AXI_DATA_WIDTH bound to: 32 - type: integer 
	Parameter C_AXI_PROTOCOL bound to: 2 - type: integer 
	Parameter C_NUM_ADDR_RANGES bound to: 1 - type: integer 
	Parameter C_M_AXI_BASE_ADDR bound to: 128'b00000000000000000000000000000000010000000000000000010000000000000000000000000000000000000000000001000000000000000000000000000000 
	Parameter C_M_AXI_ADDR_WIDTH bound to: 64'b0000000000000000000000000000110000000000000000000000000000001100 
	Parameter C_S_AXI_BASE_ID bound to: 0 - type: integer 
	Parameter C_S_AXI_THREAD_ID_WIDTH bound to: 0 - type: integer 
	Parameter C_AXI_SUPPORTS_USER_SIGNALS bound to: 0 - type: integer 
	Parameter C_AXI_AWUSER_WIDTH bound to: 1 - type: integer 
	Parameter C_AXI_ARUSER_WIDTH bound to: 1 - type: integer 
	Parameter C_AXI_WUSER_WIDTH bound to: 1 - type: integer 
	Parameter C_AXI_RUSER_WIDTH bound to: 1 - type: integer 
	Parameter C_AXI_BUSER_WIDTH bound to: 1 - type: integer 
	Parameter C_M_AXI_WRITE_CONNECTIVITY bound to: 64'b1111111111111111111111111111111111111111111111111111111111111111 
	Parameter C_M_AXI_READ_CONNECTIVITY bound to: 64'b1111111111111111111111111111111111111111111111111111111111111111 
	Parameter C_R_REGISTER bound to: 1 - type: integer 
	Parameter C_S_AXI_SINGLE_THREAD bound to: 1 - type: integer 
	Parameter C_S_AXI_WRITE_ACCEPTANCE bound to: 1 - type: integer 
	Parameter C_S_AXI_READ_ACCEPTANCE bound to: 1 - type: integer 
	Parameter C_M_AXI_WRITE_ISSUING bound to: 64'b0000000000000000000000000000000100000000000000000000000000000001 
	Parameter C_M_AXI_READ_ISSUING bound to: 64'b0000000000000000000000000000000100000000000000000000000000000001 
	Parameter C_S_AXI_ARB_PRIORITY bound to: 0 - type: integer 
	Parameter C_M_AXI_SECURE bound to: 64'b0000000000000000000000000000000000000000000000000000000000000000 
	Parameter C_CONNECTIVITY_MODE bound to: 0 - type: integer 
	Parameter P_ONES bound to: 65'b11111111111111111111111111111111111111111111111111111111111111111 
	Parameter P_S_AXI_BASE_ID bound to: 64'b0000000000000000000000000000000000000000000000000000000000000000 
	Parameter P_S_AXI_HIGH_ID bound to: 64'b0000000000000000000000000000000000000000000000000000000000000000 
	Parameter P_AXI4 bound to: 0 - type: integer 
	Parameter P_AXI3 bound to: 1 - type: integer 
	Parameter P_AXILITE bound to: 2 - type: integer 
	Parameter P_AXILITE_SIZE bound to: 3'b010 
	Parameter P_INCR bound to: 2'b01 
	Parameter P_M_AXI_SUPPORTS_WRITE bound to: 2'b11 
	Parameter P_M_AXI_SUPPORTS_READ bound to: 2'b11 
	Parameter P_S_AXI_SUPPORTS_WRITE bound to: 1'b1 
	Parameter P_S_AXI_SUPPORTS_READ bound to: 1'b1 
	Parameter C_DEBUG bound to: 1 - type: integer 
	Parameter P_RANGE_CHECK bound to: 1 - type: integer 
	Parameter P_ADDR_DECODE bound to: 1 - type: integer 
	Parameter P_M_AXI_ERR_MODE bound to: 64'b0000000000000000000000000000000000000000000000000000000000000000 
	Parameter P_LEN bound to: 8 - type: integer 
	Parameter P_LOCK bound to: 1 - type: integer 
	Parameter P_FAMILY bound to: zynq - type: string 
INFO: [Synth 8-6157] synthesizing module 'axi_crossbar_v2_1_22_crossbar_sasd' [/tmp/finn_dev_sss/vivado_zynq_proj_2lwn5jog/finn_zynq_link.srcs/sources_1/bd/top/ipshared/b68e/hdl/axi_crossbar_v2_1_vl_rfs.v:1240]
	Parameter C_FAMILY bound to: zynq - type: string 
	Parameter C_NUM_SLAVE_SLOTS bound to: 1 - type: integer 
	Parameter C_NUM_MASTER_SLOTS bound to: 2 - type: integer 
	Parameter C_NUM_ADDR_RANGES bound to: 1 - type: integer 
	Parameter C_AXI_ID_WIDTH bound to: 1 - type: integer 
	Parameter C_AXI_ADDR_WIDTH bound to: 32 - type: integer 
	Parameter C_AXI_DATA_WIDTH bound to: 32 - type: integer 
	Parameter C_AXI_PROTOCOL bound to: 2 - type: integer 
	Parameter C_M_AXI_BASE_ADDR bound to: 128'b00000000000000000000000000000000010000000000000000010000000000000000000000000000000000000000000001000000000000000000000000000000 
	Parameter C_M_AXI_HIGH_ADDR bound to: 128'b00000000000000000000000000000000010000000000000000011111111111110000000000000000000000000000000001000000000000000000111111111111 
	Parameter C_S_AXI_BASE_ID bound to: 64'b0000000000000000000000000000000000000000000000000000000000000000 
	Parameter C_S_AXI_HIGH_ID bound to: 64'b0000000000000000000000000000000000000000000000000000000000000000 
	Parameter C_AXI_SUPPORTS_USER_SIGNALS bound to: 0 - type: integer 
	Parameter C_AXI_AWUSER_WIDTH bound to: 1 - type: integer 
	Parameter C_AXI_ARUSER_WIDTH bound to: 1 - type: integer 
	Parameter C_AXI_WUSER_WIDTH bound to: 1 - type: integer 
	Parameter C_AXI_RUSER_WIDTH bound to: 1 - type: integer 
	Parameter C_AXI_BUSER_WIDTH bound to: 1 - type: integer 
	Parameter C_S_AXI_SUPPORTS_WRITE bound to: 1'b1 
	Parameter C_S_AXI_SUPPORTS_READ bound to: 1'b1 
	Parameter C_M_AXI_SUPPORTS_WRITE bound to: 2'b11 
	Parameter C_M_AXI_SUPPORTS_READ bound to: 2'b11 
	Parameter C_S_AXI_ARB_PRIORITY bound to: 0 - type: integer 
	Parameter C_M_AXI_SECURE bound to: 64'b0000000000000000000000000000000000000000000000000000000000000000 
	Parameter C_M_AXI_ERR_MODE bound to: 64'b0000000000000000000000000000000000000000000000000000000000000000 
	Parameter C_R_REGISTER bound to: 1 - type: integer 
	Parameter C_RANGE_CHECK bound to: 1 - type: integer 
	Parameter C_ADDR_DECODE bound to: 1 - type: integer 
	Parameter C_DEBUG bound to: 1 - type: integer 
	Parameter P_AXI4 bound to: 0 - type: integer 
	Parameter P_AXI3 bound to: 1 - type: integer 
	Parameter P_AXILITE bound to: 2 - type: integer 
	Parameter P_NUM_MASTER_SLOTS_DE bound to: 3 - type: integer 
	Parameter P_NUM_MASTER_SLOTS_LOG bound to: 1 - type: integer 
	Parameter P_NUM_MASTER_SLOTS_DE_LOG bound to: 2 - type: integer 
	Parameter P_NUM_SLAVE_SLOTS_LOG bound to: 1 - type: integer 
	Parameter P_AXI_AUSER_WIDTH bound to: 1 - type: integer 
	Parameter P_AXI_WID_WIDTH bound to: 1 - type: integer 
	Parameter P_AMESG_WIDTH bound to: 64 - type: integer 
	Parameter P_BMESG_WIDTH bound to: 3 - type: integer 
	Parameter P_RMESG_WIDTH bound to: 36 - type: integer 
	Parameter P_WMESG_WIDTH bound to: 39 - type: integer 
	Parameter P_AXILITE_ERRMODE bound to: 1 - type: integer 
	Parameter P_NONSECURE_BIT bound to: 1 - type: integer 
	Parameter P_M_SECURE_MASK bound to: 2'b00 
	Parameter P_M_AXILITE_MASK bound to: 2'b00 
	Parameter P_FIXED bound to: 2'b00 
	Parameter P_BYPASS bound to: 0 - type: integer 
	Parameter P_LIGHTWT bound to: 7 - type: integer 
	Parameter P_FULLY_REG bound to: 1 - type: integer 
	Parameter P_R_REG_CONFIG bound to: 1 - type: integer 
	Parameter P_DECERR bound to: 2'b11 
INFO: [Synth 8-6157] synthesizing module 'axi_crossbar_v2_1_22_addr_decoder' [/tmp/finn_dev_sss/vivado_zynq_proj_2lwn5jog/finn_zynq_link.srcs/sources_1/bd/top/ipshared/b68e/hdl/axi_crossbar_v2_1_vl_rfs.v:794]
	Parameter C_FAMILY bound to: zynq - type: string 
	Parameter C_NUM_TARGETS bound to: 2 - type: integer 
	Parameter C_NUM_TARGETS_LOG bound to: 1 - type: integer 
	Parameter C_NUM_RANGES bound to: 1 - type: integer 
	Parameter C_ADDR_WIDTH bound to: 32 - type: integer 
	Parameter C_TARGET_ENC bound to: 1 - type: integer 
	Parameter C_TARGET_HOT bound to: 1 - type: integer 
	Parameter C_REGION_ENC bound to: 1 - type: integer 
	Parameter C_BASE_ADDR bound to: 128'b00000000000000000000000000000000010000000000000000010000000000000000000000000000000000000000000001000000000000000000000000000000 
	Parameter C_HIGH_ADDR bound to: 128'b00000000000000000000000000000000010000000000000000011111111111110000000000000000000000000000000001000000000000000000111111111111 
	Parameter C_TARGET_QUAL bound to: 3'b011 
	Parameter C_RESOLUTION bound to: 2 - type: integer 
	Parameter C_COMPARATOR_THRESHOLD bound to: 6 - type: integer 
INFO: [Synth 8-6157] synthesizing module 'generic_baseblocks_v2_1_0_comparator_static' [/tmp/finn_dev_sss/vivado_zynq_proj_2lwn5jog/finn_zynq_link.srcs/sources_1/bd/top/ipshared/b752/hdl/generic_baseblocks_v2_1_vl_rfs.v:2133]
	Parameter C_FAMILY bound to: rtl - type: string 
	Parameter C_VALUE bound to: 30'b010000000000000000000000000000 
	Parameter C_DATA_WIDTH bound to: 30 - type: integer 
	Parameter C_BITS_PER_LUT bound to: 6 - type: integer 
	Parameter C_NUM_LUT bound to: 5 - type: integer 
	Parameter C_FIX_DATA_WIDTH bound to: 30 - type: integer 
INFO: [Synth 8-6157] synthesizing module 'generic_baseblocks_v2_1_0_carry_and' [/tmp/finn_dev_sss/vivado_zynq_proj_2lwn5jog/finn_zynq_link.srcs/sources_1/bd/top/ipshared/b752/hdl/generic_baseblocks_v2_1_vl_rfs.v:62]
	Parameter C_FAMILY bound to: rtl - type: string 
INFO: [Synth 8-6155] done synthesizing module 'generic_baseblocks_v2_1_0_carry_and' (1#1) [/tmp/finn_dev_sss/vivado_zynq_proj_2lwn5jog/finn_zynq_link.srcs/sources_1/bd/top/ipshared/b752/hdl/generic_baseblocks_v2_1_vl_rfs.v:62]
INFO: [Synth 8-6155] done synthesizing module 'generic_baseblocks_v2_1_0_comparator_static' (2#1) [/tmp/finn_dev_sss/vivado_zynq_proj_2lwn5jog/finn_zynq_link.srcs/sources_1/bd/top/ipshared/b752/hdl/generic_baseblocks_v2_1_vl_rfs.v:2133]
INFO: [Synth 8-6157] synthesizing module 'generic_baseblocks_v2_1_0_comparator_static__parameterized0' [/tmp/finn_dev_sss/vivado_zynq_proj_2lwn5jog/finn_zynq_link.srcs/sources_1/bd/top/ipshared/b752/hdl/generic_baseblocks_v2_1_vl_rfs.v:2133]
	Parameter C_FAMILY bound to: rtl - type: string 
	Parameter C_VALUE bound to: 30'b010000000000000000010000000000 
	Parameter C_DATA_WIDTH bound to: 30 - type: integer 
	Parameter C_BITS_PER_LUT bound to: 6 - type: integer 
	Parameter C_NUM_LUT bound to: 5 - type: integer 
	Parameter C_FIX_DATA_WIDTH bound to: 30 - type: integer 
INFO: [Synth 8-6155] done synthesizing module 'generic_baseblocks_v2_1_0_comparator_static__parameterized0' (2#1) [/tmp/finn_dev_sss/vivado_zynq_proj_2lwn5jog/finn_zynq_link.srcs/sources_1/bd/top/ipshared/b752/hdl/generic_baseblocks_v2_1_vl_rfs.v:2133]
INFO: [Synth 8-6155] done synthesizing module 'axi_crossbar_v2_1_22_addr_decoder' (3#1) [/tmp/finn_dev_sss/vivado_zynq_proj_2lwn5jog/finn_zynq_link.srcs/sources_1/bd/top/ipshared/b68e/hdl/axi_crossbar_v2_1_vl_rfs.v:794]
INFO: [Synth 8-6157] synthesizing module 'axi_crossbar_v2_1_22_decerr_slave' [/tmp/finn_dev_sss/vivado_zynq_proj_2lwn5jog/finn_zynq_link.srcs/sources_1/bd/top/ipshared/b68e/hdl/axi_crossbar_v2_1_vl_rfs.v:3501]
	Parameter C_AXI_ID_WIDTH bound to: 1 - type: integer 
	Parameter C_AXI_DATA_WIDTH bound to: 32 - type: integer 
	Parameter C_AXI_BUSER_WIDTH bound to: 1 - type: integer 
	Parameter C_AXI_RUSER_WIDTH bound to: 1 - type: integer 
	Parameter C_AXI_PROTOCOL bound to: 2 - type: integer 
	Parameter C_RESP bound to: 3 - type: integer 
	Parameter P_WRITE_IDLE bound to: 2'b00 
	Parameter P_WRITE_DATA bound to: 2'b01 
	Parameter P_WRITE_RESP bound to: 2'b10 
	Parameter P_READ_IDLE bound to: 1'b0 
	Parameter P_READ_DATA bound to: 1'b1 
	Parameter P_AXI4 bound to: 0 - type: integer 
	Parameter P_AXI3 bound to: 1 - type: integer 
	Parameter P_AXILITE bound to: 2 - type: integer 
INFO: [Synth 8-6155] done synthesizing module 'axi_crossbar_v2_1_22_decerr_slave' (4#1) [/tmp/finn_dev_sss/vivado_zynq_proj_2lwn5jog/finn_zynq_link.srcs/sources_1/bd/top/ipshared/b68e/hdl/axi_crossbar_v2_1_vl_rfs.v:3501]
INFO: [Synth 8-6157] synthesizing module 'axi_crossbar_v2_1_22_addr_arbiter_sasd' [/tmp/finn_dev_sss/vivado_zynq_proj_2lwn5jog/finn_zynq_link.srcs/sources_1/bd/top/ipshared/b68e/hdl/axi_crossbar_v2_1_vl_rfs.v:65]
	Parameter C_FAMILY bound to: zynq - type: string 
	Parameter C_NUM_S bound to: 1 - type: integer 
	Parameter C_NUM_S_LOG bound to: 1 - type: integer 
	Parameter C_AMESG_WIDTH bound to: 64 - type: integer 
	Parameter C_GRANT_ENC bound to: 1 - type: integer 
	Parameter C_ARB_PRIORITY bound to: 0 - type: integer 
	Parameter P_PRIO_MASK bound to: 1'b0 
INFO: [Synth 8-6155] done synthesizing module 'axi_crossbar_v2_1_22_addr_arbiter_sasd' (5#1) [/tmp/finn_dev_sss/vivado_zynq_proj_2lwn5jog/finn_zynq_link.srcs/sources_1/bd/top/ipshared/b68e/hdl/axi_crossbar_v2_1_vl_rfs.v:65]
INFO: [Synth 8-6157] synthesizing module 'axi_crossbar_v2_1_22_splitter' [/tmp/finn_dev_sss/vivado_zynq_proj_2lwn5jog/finn_zynq_link.srcs/sources_1/bd/top/ipshared/b68e/hdl/axi_crossbar_v2_1_vl_rfs.v:4461]
	Parameter C_NUM_M bound to: 3 - type: integer 
INFO: [Synth 8-6155] done synthesizing module 'axi_crossbar_v2_1_22_splitter' (6#1) [/tmp/finn_dev_sss/vivado_zynq_proj_2lwn5jog/finn_zynq_link.srcs/sources_1/bd/top/ipshared/b68e/hdl/axi_crossbar_v2_1_vl_rfs.v:4461]
INFO: [Synth 8-6157] synthesizing module 'axi_crossbar_v2_1_22_splitter__parameterized0' [/tmp/finn_dev_sss/vivado_zynq_proj_2lwn5jog/finn_zynq_link.srcs/sources_1/bd/top/ipshared/b68e/hdl/axi_crossbar_v2_1_vl_rfs.v:4461]
	Parameter C_NUM_M bound to: 2 - type: integer 
INFO: [Synth 8-6155] done synthesizing module 'axi_crossbar_v2_1_22_splitter__parameterized0' (6#1) [/tmp/finn_dev_sss/vivado_zynq_proj_2lwn5jog/finn_zynq_link.srcs/sources_1/bd/top/ipshared/b68e/hdl/axi_crossbar_v2_1_vl_rfs.v:4461]
INFO: [Synth 8-6157] synthesizing module 'generic_baseblocks_v2_1_0_mux_enc' [/tmp/finn_dev_sss/vivado_zynq_proj_2lwn5jog/finn_zynq_link.srcs/sources_1/bd/top/ipshared/b752/hdl/generic_baseblocks_v2_1_vl_rfs.v:2452]
	Parameter C_FAMILY bound to: rtl - type: string 
	Parameter C_RATIO bound to: 3 - type: integer 
	Parameter C_SEL_WIDTH bound to: 2 - type: integer 
	Parameter C_DATA_WIDTH bound to: 1 - type: integer 
INFO: [Synth 8-6155] done synthesizing module 'generic_baseblocks_v2_1_0_mux_enc' (7#1) [/tmp/finn_dev_sss/vivado_zynq_proj_2lwn5jog/finn_zynq_link.srcs/sources_1/bd/top/ipshared/b752/hdl/generic_baseblocks_v2_1_vl_rfs.v:2452]
INFO: [Synth 8-6157] synthesizing module 'generic_baseblocks_v2_1_0_mux_enc__parameterized0' [/tmp/finn_dev_sss/vivado_zynq_proj_2lwn5jog/finn_zynq_link.srcs/sources_1/bd/top/ipshared/b752/hdl/generic_baseblocks_v2_1_vl_rfs.v:2452]
	Parameter C_FAMILY bound to: rtl - type: string 
	Parameter C_RATIO bound to: 1 - type: integer 
	Parameter C_SEL_WIDTH bound to: 1 - type: integer 
	Parameter C_DATA_WIDTH bound to: 1 - type: integer 
INFO: [Synth 8-6155] done synthesizing module 'generic_baseblocks_v2_1_0_mux_enc__parameterized0' (7#1) [/tmp/finn_dev_sss/vivado_zynq_proj_2lwn5jog/finn_zynq_link.srcs/sources_1/bd/top/ipshared/b752/hdl/generic_baseblocks_v2_1_vl_rfs.v:2452]
INFO: [Synth 8-6157] synthesizing module 'generic_baseblocks_v2_1_0_mux_enc__parameterized1' [/tmp/finn_dev_sss/vivado_zynq_proj_2lwn5jog/finn_zynq_link.srcs/sources_1/bd/top/ipshared/b752/hdl/generic_baseblocks_v2_1_vl_rfs.v:2452]
	Parameter C_FAMILY bound to: rtl - type: string 
	Parameter C_RATIO bound to: 3 - type: integer 
	Parameter C_SEL_WIDTH bound to: 2 - type: integer 
	Parameter C_DATA_WIDTH bound to: 36 - type: integer 
INFO: [Synth 8-6155] done synthesizing module 'generic_baseblocks_v2_1_0_mux_enc__parameterized1' (7#1) [/tmp/finn_dev_sss/vivado_zynq_proj_2lwn5jog/finn_zynq_link.srcs/sources_1/bd/top/ipshared/b752/hdl/generic_baseblocks_v2_1_vl_rfs.v:2452]
INFO: [Synth 8-6157] synthesizing module 'axi_register_slice_v2_1_21_axic_register_slice' [/tmp/finn_dev_sss/vivado_zynq_proj_2lwn5jog/finn_zynq_link.srcs/sources_1/bd/top/ipshared/2ef9/hdl/axi_register_slice_v2_1_vl_rfs.v:1498]
	Parameter C_FAMILY bound to: zynq - type: string 
	Parameter C_DATA_WIDTH bound to: 36 - type: integer 
	Parameter C_REG_CONFIG bound to: 1 - type: integer 
INFO: [Synth 8-6155] done synthesizing module 'axi_register_slice_v2_1_21_axic_register_slice' (8#1) [/tmp/finn_dev_sss/vivado_zynq_proj_2lwn5jog/finn_zynq_link.srcs/sources_1/bd/top/ipshared/2ef9/hdl/axi_register_slice_v2_1_vl_rfs.v:1498]
INFO: [Synth 8-6157] synthesizing module 'generic_baseblocks_v2_1_0_mux_enc__parameterized2' [/tmp/finn_dev_sss/vivado_zynq_proj_2lwn5jog/finn_zynq_link.srcs/sources_1/bd/top/ipshared/b752/hdl/generic_baseblocks_v2_1_vl_rfs.v:2452]
	Parameter C_FAMILY bound to: rtl - type: string 
	Parameter C_RATIO bound to: 3 - type: integer 
	Parameter C_SEL_WIDTH bound to: 2 - type: integer 
	Parameter C_DATA_WIDTH bound to: 3 - type: integer 
INFO: [Synth 8-6155] done synthesizing module 'generic_baseblocks_v2_1_0_mux_enc__parameterized2' (8#1) [/tmp/finn_dev_sss/vivado_zynq_proj_2lwn5jog/finn_zynq_link.srcs/sources_1/bd/top/ipshared/b752/hdl/generic_baseblocks_v2_1_vl_rfs.v:2452]
INFO: [Synth 8-6155] done synthesizing module 'axi_crossbar_v2_1_22_crossbar_sasd' (9#1) [/tmp/finn_dev_sss/vivado_zynq_proj_2lwn5jog/finn_zynq_link.srcs/sources_1/bd/top/ipshared/b68e/hdl/axi_crossbar_v2_1_vl_rfs.v:1240]
INFO: [Synth 8-6155] done synthesizing module 'axi_crossbar_v2_1_22_axi_crossbar' (10#1) [/tmp/finn_dev_sss/vivado_zynq_proj_2lwn5jog/finn_zynq_link.srcs/sources_1/bd/top/ipshared/b68e/hdl/axi_crossbar_v2_1_vl_rfs.v:4884]
INFO: [Synth 8-6155] done synthesizing module 'top_xbar_0' (11#1) [/tmp/finn_dev_sss/vivado_zynq_proj_2lwn5jog/finn_zynq_link.srcs/sources_1/bd/top/ip/top_xbar_0/synth/top_xbar_0.v:59]
---------------------------------------------------------------------------------
Finished RTL Elaboration : Time (s): cpu = 00:00:09 ; elapsed = 00:00:18 . Memory (MB): peak = 2253.500 ; gain = 137.855 ; free physical = 753 ; free virtual = 3824
---------------------------------------------------------------------------------
---------------------------------------------------------------------------------
Start Handling Custom Attributes
---------------------------------------------------------------------------------
---------------------------------------------------------------------------------
Finished Handling Custom Attributes : Time (s): cpu = 00:00:09 ; elapsed = 00:00:19 . Memory (MB): peak = 2268.344 ; gain = 152.699 ; free physical = 749 ; free virtual = 3821
---------------------------------------------------------------------------------
---------------------------------------------------------------------------------
Finished RTL Optimization Phase 1 : Time (s): cpu = 00:00:09 ; elapsed = 00:00:19 . Memory (MB): peak = 2268.344 ; gain = 152.699 ; free physical = 749 ; free virtual = 3821
---------------------------------------------------------------------------------
Netlist sorting complete. Time (s): cpu = 00:00:00.01 ; elapsed = 00:00:00 . Memory (MB): peak = 2268.344 ; gain = 0.000 ; free physical = 740 ; free virtual = 3813
INFO: [Project 1-570] Preparing netlist for logic optimization

Processing XDC Constraints
Initializing timing engine
Parsing XDC File [/tmp/finn_dev_sss/vivado_zynq_proj_2lwn5jog/finn_zynq_link.srcs/sources_1/bd/top/ip/top_xbar_0/top_xbar_0_ooc.xdc] for cell 'inst'
Finished Parsing XDC File [/tmp/finn_dev_sss/vivado_zynq_proj_2lwn5jog/finn_zynq_link.srcs/sources_1/bd/top/ip/top_xbar_0/top_xbar_0_ooc.xdc] for cell 'inst'
Parsing XDC File [/tmp/finn_dev_sss/vivado_zynq_proj_2lwn5jog/finn_zynq_link.runs/top_xbar_0_synth_1/dont_touch.xdc]
Finished Parsing XDC File [/tmp/finn_dev_sss/vivado_zynq_proj_2lwn5jog/finn_zynq_link.runs/top_xbar_0_synth_1/dont_touch.xdc]
Completed Processing XDC Constraints

Netlist sorting complete. Time (s): cpu = 00:00:00 ; elapsed = 00:00:00 . Memory (MB): peak = 2407.188 ; gain = 0.000 ; free physical = 638 ; free virtual = 3725
INFO: [Project 1-111] Unisim Transformation Summary:
No Unisim elements were transformed.

Constraint Validation Runtime : Time (s): cpu = 00:00:00.02 ; elapsed = 00:00:00.03 . Memory (MB): peak = 2407.188 ; gain = 0.000 ; free physical = 638 ; free virtual = 3725
---------------------------------------------------------------------------------
Finished Constraint Validation : Time (s): cpu = 00:00:13 ; elapsed = 00:00:23 . Memory (MB): peak = 2407.188 ; gain = 291.543 ; free physical = 694 ; free virtual = 3783
---------------------------------------------------------------------------------
---------------------------------------------------------------------------------
Start Loading Part and Timing Information
---------------------------------------------------------------------------------
Loading part: xc7z020clg400-1
---------------------------------------------------------------------------------
Finished Loading Part and Timing Information : Time (s): cpu = 00:00:13 ; elapsed = 00:00:23 . Memory (MB): peak = 2407.188 ; gain = 291.543 ; free physical = 694 ; free virtual = 3783
---------------------------------------------------------------------------------
---------------------------------------------------------------------------------
Start Applying 'set_property' XDC Constraints
---------------------------------------------------------------------------------
Applied set_property DONT_TOUCH = true for inst. (constraint file  /tmp/finn_dev_sss/vivado_zynq_proj_2lwn5jog/finn_zynq_link.runs/top_xbar_0_synth_1/dont_touch.xdc, line 9).
---------------------------------------------------------------------------------
Finished applying 'set_property' XDC Constraints : Time (s): cpu = 00:00:13 ; elapsed = 00:00:23 . Memory (MB): peak = 2407.188 ; gain = 291.543 ; free physical = 694 ; free virtual = 3783
---------------------------------------------------------------------------------
---------------------------------------------------------------------------------
Finished RTL Optimization Phase 2 : Time (s): cpu = 00:00:13 ; elapsed = 00:00:24 . Memory (MB): peak = 2407.188 ; gain = 291.543 ; free physical = 688 ; free virtual = 3778
---------------------------------------------------------------------------------
---------------------------------------------------------------------------------
Start RTL Component Statistics 
---------------------------------------------------------------------------------
Detailed RTL Component Info : 
+---Registers : 
	               64 Bit    Registers := 1     
	               36 Bit    Registers := 2     
	                3 Bit    Registers := 2     
	                2 Bit    Registers := 3     
	                1 Bit    Registers := 14    
+---Muxes : 
	   2 Input   64 Bit        Muxes := 1     
	   2 Input   36 Bit        Muxes := 2     
	   2 Input    3 Bit        Muxes := 1     
	   2 Input    2 Bit        Muxes := 2     
	   2 Input    1 Bit        Muxes := 30    
---------------------------------------------------------------------------------
Finished RTL Component Statistics 
---------------------------------------------------------------------------------
---------------------------------------------------------------------------------
Start Part Resource Summary
---------------------------------------------------------------------------------
Part Resources:
DSPs: 220 (col length:60)
BRAMs: 280 (col length: RAMB18 60 RAMB36 30)
---------------------------------------------------------------------------------
Finished Part Resource Summary
---------------------------------------------------------------------------------
---------------------------------------------------------------------------------
Start Cross Boundary and Area Optimization
---------------------------------------------------------------------------------
---------------------------------------------------------------------------------
Finished Cross Boundary and Area Optimization : Time (s): cpu = 00:00:14 ; elapsed = 00:00:25 . Memory (MB): peak = 2407.188 ; gain = 291.543 ; free physical = 671 ; free virtual = 3766
---------------------------------------------------------------------------------
---------------------------------------------------------------------------------
Start Applying XDC Timing Constraints
---------------------------------------------------------------------------------
---------------------------------------------------------------------------------
Finished Applying XDC Timing Constraints : Time (s): cpu = 00:00:18 ; elapsed = 00:00:29 . Memory (MB): peak = 2407.188 ; gain = 291.543 ; free physical = 531 ; free virtual = 3634
---------------------------------------------------------------------------------
---------------------------------------------------------------------------------
Start Timing Optimization
---------------------------------------------------------------------------------
---------------------------------------------------------------------------------
Finished Timing Optimization : Time (s): cpu = 00:00:18 ; elapsed = 00:00:29 . Memory (MB): peak = 2407.188 ; gain = 291.543 ; free physical = 527 ; free virtual = 3630
---------------------------------------------------------------------------------
---------------------------------------------------------------------------------
Start Technology Mapping
---------------------------------------------------------------------------------
---------------------------------------------------------------------------------
Finished Technology Mapping : Time (s): cpu = 00:00:18 ; elapsed = 00:00:29 . Memory (MB): peak = 2407.188 ; gain = 291.543 ; free physical = 525 ; free virtual = 3628
---------------------------------------------------------------------------------
---------------------------------------------------------------------------------
Start IO Insertion
---------------------------------------------------------------------------------
---------------------------------------------------------------------------------
Start Flattening Before IO Insertion
---------------------------------------------------------------------------------
---------------------------------------------------------------------------------
Finished Flattening Before IO Insertion
---------------------------------------------------------------------------------
---------------------------------------------------------------------------------
Start Final Netlist Cleanup
---------------------------------------------------------------------------------
---------------------------------------------------------------------------------
Finished Final Netlist Cleanup
---------------------------------------------------------------------------------
---------------------------------------------------------------------------------
Finished IO Insertion : Time (s): cpu = 00:00:20 ; elapsed = 00:00:31 . Memory (MB): peak = 2407.188 ; gain = 291.543 ; free physical = 520 ; free virtual = 3624
---------------------------------------------------------------------------------
---------------------------------------------------------------------------------
Start Renaming Generated Instances
---------------------------------------------------------------------------------
---------------------------------------------------------------------------------
Finished Renaming Generated Instances : Time (s): cpu = 00:00:20 ; elapsed = 00:00:31 . Memory (MB): peak = 2407.188 ; gain = 291.543 ; free physical = 520 ; free virtual = 3624
---------------------------------------------------------------------------------
---------------------------------------------------------------------------------
Start Rebuilding User Hierarchy
---------------------------------------------------------------------------------
---------------------------------------------------------------------------------
Finished Rebuilding User Hierarchy : Time (s): cpu = 00:00:20 ; elapsed = 00:00:31 . Memory (MB): peak = 2407.188 ; gain = 291.543 ; free physical = 520 ; free virtual = 3624
---------------------------------------------------------------------------------
---------------------------------------------------------------------------------
Start Renaming Generated Ports
---------------------------------------------------------------------------------
---------------------------------------------------------------------------------
Finished Renaming Generated Ports : Time (s): cpu = 00:00:20 ; elapsed = 00:00:31 . Memory (MB): peak = 2407.188 ; gain = 291.543 ; free physical = 520 ; free virtual = 3624
---------------------------------------------------------------------------------
---------------------------------------------------------------------------------
Start Handling Custom Attributes
---------------------------------------------------------------------------------
---------------------------------------------------------------------------------
Finished Handling Custom Attributes : Time (s): cpu = 00:00:20 ; elapsed = 00:00:31 . Memory (MB): peak = 2407.188 ; gain = 291.543 ; free physical = 520 ; free virtual = 3624
---------------------------------------------------------------------------------
---------------------------------------------------------------------------------
Start Renaming Generated Nets
---------------------------------------------------------------------------------
---------------------------------------------------------------------------------
Finished Renaming Generated Nets : Time (s): cpu = 00:00:20 ; elapsed = 00:00:31 . Memory (MB): peak = 2407.188 ; gain = 291.543 ; free physical = 520 ; free virtual = 3624
---------------------------------------------------------------------------------
---------------------------------------------------------------------------------
Start Writing Synthesis Report
---------------------------------------------------------------------------------

Report BlackBoxes: 
+-+--------------+----------+
| |BlackBox name |Instances |
+-+--------------+----------+
+-+--------------+----------+

Report Cell Usage: 
+------+-----+------+
|      |Cell |Count |
+------+-----+------+
|1     |LUT1 |     1|
|2     |LUT2 |     9|
|3     |LUT3 |     4|
|4     |LUT4 |    64|
|5     |LUT5 |    18|
|6     |LUT6 |    53|
|7     |FDRE |   130|
+------+-----+------+
---------------------------------------------------------------------------------
Finished Writing Synthesis Report : Time (s): cpu = 00:00:20 ; elapsed = 00:00:31 . Memory (MB): peak = 2407.188 ; gain = 291.543 ; free physical = 520 ; free virtual = 3624
---------------------------------------------------------------------------------
Synthesis finished with 0 errors, 0 critical warnings and 0 warnings.
Synthesis Optimization Runtime : Time (s): cpu = 00:00:19 ; elapsed = 00:00:30 . Memory (MB): peak = 2407.188 ; gain = 152.699 ; free physical = 575 ; free virtual = 3679
Synthesis Optimization Complete : Time (s): cpu = 00:00:20 ; elapsed = 00:00:31 . Memory (MB): peak = 2407.188 ; gain = 291.543 ; free physical = 575 ; free virtual = 3679
INFO: [Project 1-571] Translating synthesized netlist
Netlist sorting complete. Time (s): cpu = 00:00:00 ; elapsed = 00:00:00 . Memory (MB): peak = 2407.188 ; gain = 0.000 ; free physical = 645 ; free virtual = 3750
INFO: [Project 1-570] Preparing netlist for logic optimization
INFO: [Opt 31-138] Pushed 0 inverter(s) to 0 load pin(s).
Netlist sorting complete. Time (s): cpu = 00:00:00 ; elapsed = 00:00:00 . Memory (MB): peak = 2407.188 ; gain = 0.000 ; free physical = 588 ; free virtual = 3693
INFO: [Project 1-111] Unisim Transformation Summary:
No Unisim elements were transformed.

INFO: [Common 17-83] Releasing license: Synthesis
90 Infos, 0 Warnings, 0 Critical Warnings and 0 Errors encountered.
synth_design completed successfully
synth_design: Time (s): cpu = 00:00:27 ; elapsed = 00:00:36 . Memory (MB): peak = 2407.188 ; gain = 291.562 ; free physical = 723 ; free virtual = 3828
INFO: [Common 17-1381] The checkpoint '/tmp/finn_dev_sss/vivado_zynq_proj_2lwn5jog/finn_zynq_link.runs/top_xbar_0_synth_1/top_xbar_0.dcp' has been generated.
WARNING: [Common 17-576] 'use_project_ipc' is deprecated. This option is deprecated and no longer used.
INFO: [Coretcl 2-1648] Added synthesis output to IP cache for IP top_xbar_0, cache-ID = eb38f43934341c14
INFO: [Coretcl 2-1174] Renamed 7 cell refs.
INFO: [Common 17-1381] The checkpoint '/tmp/finn_dev_sss/vivado_zynq_proj_2lwn5jog/finn_zynq_link.runs/top_xbar_0_synth_1/top_xbar_0.dcp' has been generated.
INFO: [runtcl-4] Executing : report_utilization -file top_xbar_0_utilization_synth.rpt -pb top_xbar_0_utilization_synth.pb
INFO: [Common 17-206] Exiting Vivado at Thu Oct 28 10:14:20 2021...
