
*** Running vivado
    with args -log top_zynq_ps_0.vds -m64 -product Vivado -mode batch -messageDb vivado.pb -notrace -source top_zynq_ps_0.tcl


****** Vivado v2020.1 (64-bit)
  **** SW Build 2902540 on Wed May 27 19:54:35 MDT 2020
  **** IP Build 2902112 on Wed May 27 22:43:36 MDT 2020
    ** Copyright 1986-2020 Xilinx, Inc. All Rights Reserved.

source top_zynq_ps_0.tcl -notrace
INFO: [IP_Flow 19-234] Refreshing IP repositories
INFO: [IP_Flow 19-1700] Loaded user IP repository '/tmp/finn_dev_sss/code_gen_ipgen_StreamingDataflowPartition_0_IODMA_0_ere8ov1m/project_StreamingDataflowPartition_0_IODMA_0/sol1/impl/ip'.
INFO: [IP_Flow 19-1700] Loaded user IP repository '/tmp/finn_dev_sss/vivado_stitch_proj_18gxlg6w/ip'.
INFO: [IP_Flow 19-1700] Loaded user IP repository '/tmp/finn_dev_sss/code_gen_ipgen_StreamingDataflowPartition_1_StreamingFIFO_0_cu4fl12x/project_StreamingDataflowPartition_1_StreamingFIFO_0/sol1/impl/verilog'.
INFO: [IP_Flow 19-1700] Loaded user IP repository '/tmp/finn_dev_sss/code_gen_ipgen_StreamingDataflowPartition_1_Thresholding_Batch_0_w_zhxida/project_StreamingDataflowPartition_1_Thresholding_Batch_0/sol1/impl/ip'.
INFO: [IP_Flow 19-1700] Loaded user IP repository '/tmp/finn_dev_sss/code_gen_ipgen_StreamingDataflowPartition_1_StreamingDataWidthConverter_Batch_0_7ns0n1te/project_StreamingDataflowPartition_1_StreamingDataWidthConverter_Batch_0/sol1/impl/ip'.
INFO: [IP_Flow 19-1700] Loaded user IP repository '/tmp/finn_dev_sss/code_gen_ipgen_StreamingDataflowPartition_1_ConvolutionInputGenerator_0_2plq9v91/project_StreamingDataflowPartition_1_ConvolutionInputGenerator_0/sol1/impl/ip'.
INFO: [IP_Flow 19-1700] Loaded user IP repository '/tmp/finn_dev_sss/code_gen_ipgen_StreamingDataflowPartition_1_StreamingFIFO_1_l_qh9ked/project_StreamingDataflowPartition_1_StreamingFIFO_1/sol1/impl/verilog'.
INFO: [IP_Flow 19-1700] Loaded user IP repository '/tmp/finn_dev_sss/code_gen_ipgen_StreamingDataflowPartition_1_StreamingFCLayer_Batch_0_5y7ortnh/project_StreamingDataflowPartition_1_StreamingFCLayer_Batch_0/sol1/impl/ip'.
INFO: [IP_Flow 19-1700] Loaded user IP repository '/tmp/finn_dev_sss/code_gen_ipgen_StreamingDataflowPartition_1_StreamingDataWidthConverter_Batch_1_ryfj5l8r/project_StreamingDataflowPartition_1_StreamingDataWidthConverter_Batch_1/sol1/impl/ip'.
INFO: [IP_Flow 19-1700] Loaded user IP repository '/tmp/finn_dev_sss/code_gen_ipgen_StreamingDataflowPartition_1_ConvolutionInputGenerator_1_ddeuqxv_/project_StreamingDataflowPartition_1_ConvolutionInputGenerator_1/sol1/impl/ip'.
INFO: [IP_Flow 19-1700] Loaded user IP repository '/tmp/finn_dev_sss/code_gen_ipgen_StreamingDataflowPartition_1_StreamingFIFO_2_0vj_ene3/project_StreamingDataflowPartition_1_StreamingFIFO_2/sol1/impl/verilog'.
INFO: [IP_Flow 19-1700] Loaded user IP repository '/tmp/finn_dev_sss/code_gen_ipgen_StreamingDataflowPartition_1_StreamingFCLayer_Batch_1_yiotub7i/project_StreamingDataflowPartition_1_StreamingFCLayer_Batch_1/sol1/impl/ip'.
INFO: [IP_Flow 19-1700] Loaded user IP repository '/tmp/finn_dev_sss/code_gen_ipgen_StreamingDataflowPartition_1_StreamingDataWidthConverter_Batch_2_mdrtszqr/project_StreamingDataflowPartition_1_StreamingDataWidthConverter_Batch_2/sol1/impl/ip'.
INFO: [IP_Flow 19-1700] Loaded user IP repository '/tmp/finn_dev_sss/code_gen_ipgen_StreamingDataflowPartition_1_StreamingMaxPool_Batch_0_mmiblctu/project_StreamingDataflowPartition_1_StreamingMaxPool_Batch_0/sol1/impl/ip'.
INFO: [IP_Flow 19-1700] Loaded user IP repository '/tmp/finn_dev_sss/code_gen_ipgen_StreamingDataflowPartition_1_StreamingDataWidthConverter_Batch_3_ag6ln_o_/project_StreamingDataflowPartition_1_StreamingDataWidthConverter_Batch_3/sol1/impl/ip'.
INFO: [IP_Flow 19-1700] Loaded user IP repository '/tmp/finn_dev_sss/code_gen_ipgen_StreamingDataflowPartition_1_ConvolutionInputGenerator_2_ht7s87v_/project_StreamingDataflowPartition_1_ConvolutionInputGenerator_2/sol1/impl/ip'.
INFO: [IP_Flow 19-1700] Loaded user IP repository '/tmp/finn_dev_sss/code_gen_ipgen_StreamingDataflowPartition_1_StreamingFIFO_3__79zh4iw/project_StreamingDataflowPartition_1_StreamingFIFO_3/sol1/impl/verilog'.
INFO: [IP_Flow 19-1700] Loaded user IP repository '/tmp/finn_dev_sss/code_gen_ipgen_StreamingDataflowPartition_1_StreamingFCLayer_Batch_2_il17gtiz/project_StreamingDataflowPartition_1_StreamingFCLayer_Batch_2/sol1/impl/ip'.
INFO: [IP_Flow 19-1700] Loaded user IP repository '/tmp/finn_dev_sss/code_gen_ipgen_StreamingDataflowPartition_1_StreamingDataWidthConverter_Batch_4_dc3ftzxh/project_StreamingDataflowPartition_1_StreamingDataWidthConverter_Batch_4/sol1/impl/ip'.
INFO: [IP_Flow 19-1700] Loaded user IP repository '/tmp/finn_dev_sss/code_gen_ipgen_StreamingDataflowPartition_1_ConvolutionInputGenerator_3_pssgzh40/project_StreamingDataflowPartition_1_ConvolutionInputGenerator_3/sol1/impl/ip'.
INFO: [IP_Flow 19-1700] Loaded user IP repository '/tmp/finn_dev_sss/code_gen_ipgen_StreamingDataflowPartition_1_StreamingFIFO_4_zeql4ekk/project_StreamingDataflowPartition_1_StreamingFIFO_4/sol1/impl/verilog'.
INFO: [IP_Flow 19-1700] Loaded user IP repository '/tmp/finn_dev_sss/code_gen_ipgen_StreamingDataflowPartition_1_StreamingFCLayer_Batch_3_alvtnnuz/project_StreamingDataflowPartition_1_StreamingFCLayer_Batch_3/sol1/impl/ip'.
INFO: [IP_Flow 19-1700] Loaded user IP repository '/tmp/finn_dev_sss/code_gen_ipgen_StreamingDataflowPartition_1_StreamingDataWidthConverter_Batch_5_82cgevvb/project_StreamingDataflowPartition_1_StreamingDataWidthConverter_Batch_5/sol1/impl/ip'.
INFO: [IP_Flow 19-1700] Loaded user IP repository '/tmp/finn_dev_sss/code_gen_ipgen_StreamingDataflowPartition_1_StreamingMaxPool_Batch_1_ky2exc2g/project_StreamingDataflowPartition_1_StreamingMaxPool_Batch_1/sol1/impl/ip'.
INFO: [IP_Flow 19-1700] Loaded user IP repository '/tmp/finn_dev_sss/code_gen_ipgen_StreamingDataflowPartition_1_StreamingDataWidthConverter_Batch_6_m_2z6qkt/project_StreamingDataflowPartition_1_StreamingDataWidthConverter_Batch_6/sol1/impl/ip'.
INFO: [IP_Flow 19-1700] Loaded user IP repository '/tmp/finn_dev_sss/code_gen_ipgen_StreamingDataflowPartition_1_ConvolutionInputGenerator_4_eqzgsyfw/project_StreamingDataflowPartition_1_ConvolutionInputGenerator_4/sol1/impl/ip'.
INFO: [IP_Flow 19-1700] Loaded user IP repository '/tmp/finn_dev_sss/code_gen_ipgen_StreamingDataflowPartition_1_StreamingFIFO_5_mo9396az/project_StreamingDataflowPartition_1_StreamingFIFO_5/sol1/impl/verilog'.
INFO: [IP_Flow 19-1700] Loaded user IP repository '/tmp/finn_dev_sss/code_gen_ipgen_StreamingDataflowPartition_1_StreamingFCLayer_Batch_4_whnqdlr3/project_StreamingDataflowPartition_1_StreamingFCLayer_Batch_4/sol1/impl/ip'.
INFO: [IP_Flow 19-1700] Loaded user IP repository '/tmp/finn_dev_sss/code_gen_ipgen_StreamingDataflowPartition_1_StreamingDataWidthConverter_Batch_7_7gxppv9w/project_StreamingDataflowPartition_1_StreamingDataWidthConverter_Batch_7/sol1/impl/ip'.
INFO: [IP_Flow 19-1700] Loaded user IP repository '/tmp/finn_dev_sss/code_gen_ipgen_StreamingDataflowPartition_1_ConvolutionInputGenerator_5_pojqdxgg/project_StreamingDataflowPartition_1_ConvolutionInputGenerator_5/sol1/impl/ip'.
INFO: [IP_Flow 19-1700] Loaded user IP repository '/tmp/finn_dev_sss/code_gen_ipgen_StreamingDataflowPartition_1_StreamingFCLayer_Batch_5_kje_dp2x/project_StreamingDataflowPartition_1_StreamingFCLayer_Batch_5/sol1/impl/ip'.
INFO: [IP_Flow 19-1700] Loaded user IP repository '/tmp/finn_dev_sss/code_gen_ipgen_StreamingDataflowPartition_1_StreamingDataWidthConverter_Batch_8_rb5w989_/project_StreamingDataflowPartition_1_StreamingDataWidthConverter_Batch_8/sol1/impl/ip'.
INFO: [IP_Flow 19-1700] Loaded user IP repository '/tmp/finn_dev_sss/code_gen_ipgen_StreamingDataflowPartition_1_StreamingFCLayer_Batch_6_r9nort93/project_StreamingDataflowPartition_1_StreamingFCLayer_Batch_6/sol1/impl/ip'.
INFO: [IP_Flow 19-1700] Loaded user IP repository '/tmp/finn_dev_sss/code_gen_ipgen_StreamingDataflowPartition_1_StreamingDataWidthConverter_Batch_9_tb4fo4bg/project_StreamingDataflowPartition_1_StreamingDataWidthConverter_Batch_9/sol1/impl/ip'.
INFO: [IP_Flow 19-1700] Loaded user IP repository '/tmp/finn_dev_sss/code_gen_ipgen_StreamingDataflowPartition_1_StreamingFIFO_6_60ta16i9/project_StreamingDataflowPartition_1_StreamingFIFO_6/sol1/impl/verilog'.
INFO: [IP_Flow 19-1700] Loaded user IP repository '/tmp/finn_dev_sss/code_gen_ipgen_StreamingDataflowPartition_1_StreamingFCLayer_Batch_7_zb7m9b_j/project_StreamingDataflowPartition_1_StreamingFCLayer_Batch_7/sol1/impl/ip'.
INFO: [IP_Flow 19-1700] Loaded user IP repository '/tmp/finn_dev_sss/code_gen_ipgen_StreamingDataflowPartition_1_StreamingFIFO_7_s_y0rj0_/project_StreamingDataflowPartition_1_StreamingFIFO_7/sol1/impl/verilog'.
INFO: [IP_Flow 19-1700] Loaded user IP repository '/tmp/finn_dev_sss/code_gen_ipgen_StreamingDataflowPartition_1_StreamingFCLayer_Batch_8_e6f9ejst/project_StreamingDataflowPartition_1_StreamingFCLayer_Batch_8/sol1/impl/ip'.
INFO: [IP_Flow 19-1700] Loaded user IP repository '/tmp/finn_dev_sss/code_gen_ipgen_StreamingDataflowPartition_1_StreamingDataWidthConverter_Batch_10_zb_p1o7p/project_StreamingDataflowPartition_1_StreamingDataWidthConverter_Batch_10/sol1/impl/ip'.
INFO: [IP_Flow 19-1700] Loaded user IP repository '/tmp/finn_dev_sss/code_gen_ipgen_StreamingDataflowPartition_1_LabelSelect_Batch_0_n_dbes4o/project_StreamingDataflowPartition_1_LabelSelect_Batch_0/sol1/impl/ip'.
INFO: [IP_Flow 19-1700] Loaded user IP repository '/tmp/finn_dev_sss/code_gen_ipgen_StreamingDataflowPartition_1_StreamingFIFO_8_b5i44e7w/project_StreamingDataflowPartition_1_StreamingFIFO_8/sol1/impl/verilog'.
INFO: [IP_Flow 19-1700] Loaded user IP repository '/tmp/finn_dev_sss/vivado_stitch_proj_rpv93_yb/ip'.
INFO: [IP_Flow 19-1700] Loaded user IP repository '/tmp/finn_dev_sss/code_gen_ipgen_StreamingDataflowPartition_2_IODMA_0_w8au1qyj/project_StreamingDataflowPartition_2_IODMA_0/sol1/impl/ip'.
INFO: [IP_Flow 19-1700] Loaded user IP repository '/tmp/finn_dev_sss/vivado_stitch_proj_mgfj5tcl/ip'.
INFO: [IP_Flow 19-2313] Loaded Vivado IP repository '/tools/Xilinx/Vivado/2020.1/data/ip'.
Command: synth_design -top top_zynq_ps_0 -part xc7z020clg400-1 -mode out_of_context
Starting synth_design
Attempting to get a license for feature 'Synthesis' and/or device 'xc7z020'
INFO: [Common 17-349] Got license for feature 'Synthesis' and/or device 'xc7z020'
INFO: [Device 21-403] Loading part xc7z020clg400-1
INFO: [Synth 8-7079] Multithreading enabled for synth_design using a maximum of 4 processes.
INFO: [Synth 8-7078] Launching helper process for spawning children vivado processes
INFO: [Synth 8-7075] Helper process launched with PID 13573
---------------------------------------------------------------------------------
Starting RTL Elaboration : Time (s): cpu = 00:00:02 ; elapsed = 00:00:04 . Memory (MB): peak = 2122.641 ; gain = 0.000 ; free physical = 775 ; free virtual = 3910
---------------------------------------------------------------------------------
INFO: [Synth 8-6157] synthesizing module 'top_zynq_ps_0' [/tmp/finn_dev_sss/vivado_zynq_proj_2lwn5jog/finn_zynq_link.srcs/sources_1/bd/top/ip/top_zynq_ps_0/synth/top_zynq_ps_0.v:60]
INFO: [Synth 8-6157] synthesizing module 'processing_system7_v5_5_processing_system7' [/tmp/finn_dev_sss/vivado_zynq_proj_2lwn5jog/finn_zynq_link.srcs/sources_1/bd/top/ip/top_zynq_ps_0/hdl/verilog/processing_system7_v5_5_processing_system7.v:161]
	Parameter C_USE_DEFAULT_ACP_USER_VAL bound to: 0 - type: integer 
	Parameter C_S_AXI_ACP_ARUSER_VAL bound to: 31 - type: integer 
	Parameter C_S_AXI_ACP_AWUSER_VAL bound to: 31 - type: integer 
	Parameter C_M_AXI_GP0_THREAD_ID_WIDTH bound to: 12 - type: integer 
	Parameter C_M_AXI_GP1_THREAD_ID_WIDTH bound to: 12 - type: integer 
	Parameter C_M_AXI_GP0_ENABLE_STATIC_REMAP bound to: 0 - type: integer 
	Parameter C_M_AXI_GP1_ENABLE_STATIC_REMAP bound to: 0 - type: integer 
	Parameter C_M_AXI_GP0_ID_WIDTH bound to: 12 - type: integer 
	Parameter C_M_AXI_GP1_ID_WIDTH bound to: 12 - type: integer 
	Parameter C_S_AXI_GP0_ID_WIDTH bound to: 6 - type: integer 
	Parameter C_S_AXI_GP1_ID_WIDTH bound to: 6 - type: integer 
	Parameter C_S_AXI_HP0_ID_WIDTH bound to: 6 - type: integer 
	Parameter C_S_AXI_HP1_ID_WIDTH bound to: 6 - type: integer 
	Parameter C_S_AXI_HP2_ID_WIDTH bound to: 6 - type: integer 
	Parameter C_S_AXI_HP3_ID_WIDTH bound to: 6 - type: integer 
	Parameter C_S_AXI_ACP_ID_WIDTH bound to: 3 - type: integer 
	Parameter C_S_AXI_HP0_DATA_WIDTH bound to: 64 - type: integer 
	Parameter C_S_AXI_HP1_DATA_WIDTH bound to: 64 - type: integer 
	Parameter C_S_AXI_HP2_DATA_WIDTH bound to: 64 - type: integer 
	Parameter C_S_AXI_HP3_DATA_WIDTH bound to: 64 - type: integer 
	Parameter C_INCLUDE_ACP_TRANS_CHECK bound to: 0 - type: integer 
	Parameter C_NUM_F2P_INTR_INPUTS bound to: 1 - type: integer 
	Parameter C_FCLK_CLK0_BUF bound to: TRUE - type: string 
	Parameter C_FCLK_CLK1_BUF bound to: FALSE - type: string 
	Parameter C_FCLK_CLK2_BUF bound to: FALSE - type: string 
	Parameter C_FCLK_CLK3_BUF bound to: FALSE - type: string 
	Parameter C_EMIO_GPIO_WIDTH bound to: 64 - type: integer 
	Parameter C_INCLUDE_TRACE_BUFFER bound to: 0 - type: integer 
	Parameter C_TRACE_BUFFER_FIFO_SIZE bound to: 128 - type: integer 
	Parameter C_TRACE_BUFFER_CLOCK_DELAY bound to: 12 - type: integer 
	Parameter USE_TRACE_DATA_EDGE_DETECTOR bound to: 0 - type: integer 
	Parameter C_TRACE_PIPELINE_WIDTH bound to: 8 - type: integer 
	Parameter C_PS7_SI_REV bound to: PRODUCTION - type: string 
	Parameter C_EN_EMIO_ENET0 bound to: 0 - type: integer 
	Parameter C_EN_EMIO_ENET1 bound to: 0 - type: integer 
	Parameter C_EN_EMIO_TRACE bound to: 0 - type: integer 
	Parameter C_DQ_WIDTH bound to: 32 - type: integer 
	Parameter C_DQS_WIDTH bound to: 4 - type: integer 
	Parameter C_DM_WIDTH bound to: 4 - type: integer 
	Parameter C_MIO_PRIMITIVE bound to: 54 - type: integer 
	Parameter C_PACKAGE_NAME bound to: clg400 - type: string 
	Parameter C_IRQ_F2P_MODE bound to: DIRECT - type: string 
	Parameter C_TRACE_INTERNAL_WIDTH bound to: 2 - type: integer 
	Parameter C_EN_EMIO_PJTAG bound to: 0 - type: integer 
	Parameter C_USE_AXI_NONSECURE bound to: 0 - type: integer 
	Parameter C_USE_S_AXI_HP0 bound to: 1 - type: integer 
	Parameter C_USE_S_AXI_HP1 bound to: 0 - type: integer 
	Parameter C_USE_S_AXI_HP2 bound to: 0 - type: integer 
	Parameter C_USE_S_AXI_HP3 bound to: 0 - type: integer 
	Parameter C_USE_M_AXI_GP0 bound to: 1 - type: integer 
	Parameter C_USE_M_AXI_GP1 bound to: 0 - type: integer 
	Parameter C_USE_S_AXI_GP0 bound to: 0 - type: integer 
	Parameter C_USE_S_AXI_GP1 bound to: 0 - type: integer 
	Parameter C_USE_S_AXI_ACP bound to: 0 - type: integer 
	Parameter C_GP0_EN_MODIFIABLE_TXN bound to: 1 - type: integer 
	Parameter C_GP1_EN_MODIFIABLE_TXN bound to: 1 - type: integer 
INFO: [Synth 8-6157] synthesizing module 'BUFG' [/tools/Xilinx/Vivado/2020.1/scripts/rt/data/unisim_comp.v:1083]
INFO: [Synth 8-6155] done synthesizing module 'BUFG' (1#1) [/tools/Xilinx/Vivado/2020.1/scripts/rt/data/unisim_comp.v:1083]
INFO: [Synth 8-6157] synthesizing module 'BIBUF' [/tools/Xilinx/Vivado/2020.1/scripts/rt/data/unisim_comp.v:730]
INFO: [Synth 8-6155] done synthesizing module 'BIBUF' (2#1) [/tools/Xilinx/Vivado/2020.1/scripts/rt/data/unisim_comp.v:730]
INFO: [Synth 8-6157] synthesizing module 'PS7' [/tools/Xilinx/Vivado/2020.1/scripts/rt/data/unisim_comp.v:62027]
INFO: [Synth 8-6155] done synthesizing module 'PS7' (3#1) [/tools/Xilinx/Vivado/2020.1/scripts/rt/data/unisim_comp.v:62027]
INFO: [Synth 8-6155] done synthesizing module 'processing_system7_v5_5_processing_system7' (4#1) [/tmp/finn_dev_sss/vivado_zynq_proj_2lwn5jog/finn_zynq_link.srcs/sources_1/bd/top/ip/top_zynq_ps_0/hdl/verilog/processing_system7_v5_5_processing_system7.v:161]
WARNING: [Synth 8-7071] port 'M_AXI_GP0_ARESETN' of module 'processing_system7_v5_5_processing_system7' is unconnected for instance 'inst' [/tmp/finn_dev_sss/vivado_zynq_proj_2lwn5jog/finn_zynq_link.srcs/sources_1/bd/top/ip/top_zynq_ps_0/synth/top_zynq_ps_0.v:452]
WARNING: [Synth 8-7071] port 'M_AXI_GP1_ARESETN' of module 'processing_system7_v5_5_processing_system7' is unconnected for instance 'inst' [/tmp/finn_dev_sss/vivado_zynq_proj_2lwn5jog/finn_zynq_link.srcs/sources_1/bd/top/ip/top_zynq_ps_0/synth/top_zynq_ps_0.v:452]
WARNING: [Synth 8-7071] port 'S_AXI_GP0_ARESETN' of module 'processing_system7_v5_5_processing_system7' is unconnected for instance 'inst' [/tmp/finn_dev_sss/vivado_zynq_proj_2lwn5jog/finn_zynq_link.srcs/sources_1/bd/top/ip/top_zynq_ps_0/synth/top_zynq_ps_0.v:452]
WARNING: [Synth 8-7071] port 'S_AXI_GP1_ARESETN' of module 'processing_system7_v5_5_processing_system7' is unconnected for instance 'inst' [/tmp/finn_dev_sss/vivado_zynq_proj_2lwn5jog/finn_zynq_link.srcs/sources_1/bd/top/ip/top_zynq_ps_0/synth/top_zynq_ps_0.v:452]
WARNING: [Synth 8-7071] port 'S_AXI_ACP_ARESETN' of module 'processing_system7_v5_5_processing_system7' is unconnected for instance 'inst' [/tmp/finn_dev_sss/vivado_zynq_proj_2lwn5jog/finn_zynq_link.srcs/sources_1/bd/top/ip/top_zynq_ps_0/synth/top_zynq_ps_0.v:452]
WARNING: [Synth 8-7071] port 'S_AXI_HP0_ARESETN' of module 'processing_system7_v5_5_processing_system7' is unconnected for instance 'inst' [/tmp/finn_dev_sss/vivado_zynq_proj_2lwn5jog/finn_zynq_link.srcs/sources_1/bd/top/ip/top_zynq_ps_0/synth/top_zynq_ps_0.v:452]
WARNING: [Synth 8-7071] port 'S_AXI_HP1_ARESETN' of module 'processing_system7_v5_5_processing_system7' is unconnected for instance 'inst' [/tmp/finn_dev_sss/vivado_zynq_proj_2lwn5jog/finn_zynq_link.srcs/sources_1/bd/top/ip/top_zynq_ps_0/synth/top_zynq_ps_0.v:452]
WARNING: [Synth 8-7071] port 'S_AXI_HP2_ARESETN' of module 'processing_system7_v5_5_processing_system7' is unconnected for instance 'inst' [/tmp/finn_dev_sss/vivado_zynq_proj_2lwn5jog/finn_zynq_link.srcs/sources_1/bd/top/ip/top_zynq_ps_0/synth/top_zynq_ps_0.v:452]
WARNING: [Synth 8-7071] port 'S_AXI_HP3_ARESETN' of module 'processing_system7_v5_5_processing_system7' is unconnected for instance 'inst' [/tmp/finn_dev_sss/vivado_zynq_proj_2lwn5jog/finn_zynq_link.srcs/sources_1/bd/top/ip/top_zynq_ps_0/synth/top_zynq_ps_0.v:452]
WARNING: [Synth 8-7071] port 'DMA0_RSTN' of module 'processing_system7_v5_5_processing_system7' is unconnected for instance 'inst' [/tmp/finn_dev_sss/vivado_zynq_proj_2lwn5jog/finn_zynq_link.srcs/sources_1/bd/top/ip/top_zynq_ps_0/synth/top_zynq_ps_0.v:452]
WARNING: [Synth 8-7071] port 'DMA1_RSTN' of module 'processing_system7_v5_5_processing_system7' is unconnected for instance 'inst' [/tmp/finn_dev_sss/vivado_zynq_proj_2lwn5jog/finn_zynq_link.srcs/sources_1/bd/top/ip/top_zynq_ps_0/synth/top_zynq_ps_0.v:452]
WARNING: [Synth 8-7071] port 'DMA2_RSTN' of module 'processing_system7_v5_5_processing_system7' is unconnected for instance 'inst' [/tmp/finn_dev_sss/vivado_zynq_proj_2lwn5jog/finn_zynq_link.srcs/sources_1/bd/top/ip/top_zynq_ps_0/synth/top_zynq_ps_0.v:452]
WARNING: [Synth 8-7071] port 'DMA3_RSTN' of module 'processing_system7_v5_5_processing_system7' is unconnected for instance 'inst' [/tmp/finn_dev_sss/vivado_zynq_proj_2lwn5jog/finn_zynq_link.srcs/sources_1/bd/top/ip/top_zynq_ps_0/synth/top_zynq_ps_0.v:452]
WARNING: [Synth 8-7023] instance 'inst' of module 'processing_system7_v5_5_processing_system7' has 685 connections declared, but only 672 given [/tmp/finn_dev_sss/vivado_zynq_proj_2lwn5jog/finn_zynq_link.srcs/sources_1/bd/top/ip/top_zynq_ps_0/synth/top_zynq_ps_0.v:452]
INFO: [Synth 8-6155] done synthesizing module 'top_zynq_ps_0' (5#1) [/tmp/finn_dev_sss/vivado_zynq_proj_2lwn5jog/finn_zynq_link.srcs/sources_1/bd/top/ip/top_zynq_ps_0/synth/top_zynq_ps_0.v:60]
---------------------------------------------------------------------------------
Finished RTL Elaboration : Time (s): cpu = 00:00:03 ; elapsed = 00:00:05 . Memory (MB): peak = 2165.590 ; gain = 42.949 ; free physical = 745 ; free virtual = 3953
---------------------------------------------------------------------------------
---------------------------------------------------------------------------------
Start Handling Custom Attributes
---------------------------------------------------------------------------------
---------------------------------------------------------------------------------
Finished Handling Custom Attributes : Time (s): cpu = 00:00:04 ; elapsed = 00:00:05 . Memory (MB): peak = 2182.434 ; gain = 59.793 ; free physical = 739 ; free virtual = 3949
---------------------------------------------------------------------------------
---------------------------------------------------------------------------------
Finished RTL Optimization Phase 1 : Time (s): cpu = 00:00:04 ; elapsed = 00:00:05 . Memory (MB): peak = 2182.434 ; gain = 59.793 ; free physical = 739 ; free virtual = 3949
---------------------------------------------------------------------------------
Netlist sorting complete. Time (s): cpu = 00:00:00.01 ; elapsed = 00:00:00.01 . Memory (MB): peak = 2193.340 ; gain = 0.000 ; free physical = 730 ; free virtual = 3941
INFO: [Project 1-570] Preparing netlist for logic optimization

Processing XDC Constraints
Initializing timing engine
Parsing XDC File [/tmp/finn_dev_sss/vivado_zynq_proj_2lwn5jog/finn_zynq_link.srcs/sources_1/bd/top/ip/top_zynq_ps_0/top_zynq_ps_0.xdc] for cell 'inst'
Finished Parsing XDC File [/tmp/finn_dev_sss/vivado_zynq_proj_2lwn5jog/finn_zynq_link.srcs/sources_1/bd/top/ip/top_zynq_ps_0/top_zynq_ps_0.xdc] for cell 'inst'
INFO: [Project 1-236] Implementation specific constraints were found while reading constraint file [/tmp/finn_dev_sss/vivado_zynq_proj_2lwn5jog/finn_zynq_link.srcs/sources_1/bd/top/ip/top_zynq_ps_0/top_zynq_ps_0.xdc]. These constraints will be ignored for synthesis but will be used in implementation. Impacted constraints are listed in the file [.Xil/top_zynq_ps_0_propImpl.xdc].
Resolution: To avoid this warning, move constraints listed in [.Xil/top_zynq_ps_0_propImpl.xdc] to another XDC file and exclude this new file from synthesis with the used_in_synthesis property (File Properties dialog in GUI) and re-run elaboration/synthesis.
Parsing XDC File [/tmp/finn_dev_sss/vivado_zynq_proj_2lwn5jog/finn_zynq_link.runs/top_zynq_ps_0_synth_1/dont_touch.xdc]
Finished Parsing XDC File [/tmp/finn_dev_sss/vivado_zynq_proj_2lwn5jog/finn_zynq_link.runs/top_zynq_ps_0_synth_1/dont_touch.xdc]
Completed Processing XDC Constraints

Netlist sorting complete. Time (s): cpu = 00:00:00 ; elapsed = 00:00:00 . Memory (MB): peak = 2271.246 ; gain = 0.000 ; free physical = 617 ; free virtual = 3855
INFO: [Project 1-111] Unisim Transformation Summary:
No Unisim elements were transformed.

Constraint Validation Runtime : Time (s): cpu = 00:00:00.02 ; elapsed = 00:00:00.03 . Memory (MB): peak = 2274.215 ; gain = 2.969 ; free physical = 617 ; free virtual = 3855
---------------------------------------------------------------------------------
Finished Constraint Validation : Time (s): cpu = 00:00:08 ; elapsed = 00:00:10 . Memory (MB): peak = 2274.215 ; gain = 151.574 ; free physical = 666 ; free virtual = 3915
---------------------------------------------------------------------------------
---------------------------------------------------------------------------------
Start Loading Part and Timing Information
---------------------------------------------------------------------------------
Loading part: xc7z020clg400-1
---------------------------------------------------------------------------------
Finished Loading Part and Timing Information : Time (s): cpu = 00:00:08 ; elapsed = 00:00:10 . Memory (MB): peak = 2274.215 ; gain = 151.574 ; free physical = 666 ; free virtual = 3915
---------------------------------------------------------------------------------
---------------------------------------------------------------------------------
Start Applying 'set_property' XDC Constraints
---------------------------------------------------------------------------------
Applied set_property DONT_TOUCH = true for inst. (constraint file  /tmp/finn_dev_sss/vivado_zynq_proj_2lwn5jog/finn_zynq_link.runs/top_zynq_ps_0_synth_1/dont_touch.xdc, line 9).
---------------------------------------------------------------------------------
Finished applying 'set_property' XDC Constraints : Time (s): cpu = 00:00:08 ; elapsed = 00:00:10 . Memory (MB): peak = 2274.215 ; gain = 151.574 ; free physical = 666 ; free virtual = 3915
---------------------------------------------------------------------------------
---------------------------------------------------------------------------------
Finished RTL Optimization Phase 2 : Time (s): cpu = 00:00:08 ; elapsed = 00:00:11 . Memory (MB): peak = 2274.215 ; gain = 151.574 ; free physical = 663 ; free virtual = 3914
---------------------------------------------------------------------------------
---------------------------------------------------------------------------------
Start RTL Component Statistics 
---------------------------------------------------------------------------------
Detailed RTL Component Info : 
---------------------------------------------------------------------------------
Finished RTL Component Statistics 
---------------------------------------------------------------------------------
---------------------------------------------------------------------------------
Start Part Resource Summary
---------------------------------------------------------------------------------
Part Resources:
DSPs: 220 (col length:60)
BRAMs: 280 (col length: RAMB18 60 RAMB36 30)
---------------------------------------------------------------------------------
Finished Part Resource Summary
---------------------------------------------------------------------------------
---------------------------------------------------------------------------------
Start Cross Boundary and Area Optimization
---------------------------------------------------------------------------------
---------------------------------------------------------------------------------
Finished Cross Boundary and Area Optimization : Time (s): cpu = 00:00:09 ; elapsed = 00:00:12 . Memory (MB): peak = 2274.215 ; gain = 151.574 ; free physical = 649 ; free virtual = 3904
---------------------------------------------------------------------------------
---------------------------------------------------------------------------------
Start Applying XDC Timing Constraints
---------------------------------------------------------------------------------
---------------------------------------------------------------------------------
Finished Applying XDC Timing Constraints : Time (s): cpu = 00:00:13 ; elapsed = 00:00:16 . Memory (MB): peak = 2412.199 ; gain = 289.559 ; free physical = 353 ; free virtual = 3620
---------------------------------------------------------------------------------
---------------------------------------------------------------------------------
Start Timing Optimization
---------------------------------------------------------------------------------
---------------------------------------------------------------------------------
Finished Timing Optimization : Time (s): cpu = 00:00:13 ; elapsed = 00:00:16 . Memory (MB): peak = 2432.207 ; gain = 309.566 ; free physical = 339 ; free virtual = 3607
---------------------------------------------------------------------------------
---------------------------------------------------------------------------------
Start Technology Mapping
---------------------------------------------------------------------------------
---------------------------------------------------------------------------------
Finished Technology Mapping : Time (s): cpu = 00:00:14 ; elapsed = 00:00:17 . Memory (MB): peak = 2448.223 ; gain = 325.582 ; free physical = 335 ; free virtual = 3603
---------------------------------------------------------------------------------
---------------------------------------------------------------------------------
Start IO Insertion
---------------------------------------------------------------------------------
---------------------------------------------------------------------------------
Start Flattening Before IO Insertion
---------------------------------------------------------------------------------
---------------------------------------------------------------------------------
Finished Flattening Before IO Insertion
---------------------------------------------------------------------------------
---------------------------------------------------------------------------------
Start Final Netlist Cleanup
---------------------------------------------------------------------------------
---------------------------------------------------------------------------------
Finished Final Netlist Cleanup
---------------------------------------------------------------------------------
---------------------------------------------------------------------------------
Finished IO Insertion : Time (s): cpu = 00:00:16 ; elapsed = 00:00:20 . Memory (MB): peak = 2451.191 ; gain = 328.551 ; free physical = 328 ; free virtual = 3597
---------------------------------------------------------------------------------
---------------------------------------------------------------------------------
Start Renaming Generated Instances
---------------------------------------------------------------------------------
---------------------------------------------------------------------------------
Finished Renaming Generated Instances : Time (s): cpu = 00:00:16 ; elapsed = 00:00:20 . Memory (MB): peak = 2451.191 ; gain = 328.551 ; free physical = 328 ; free virtual = 3597
---------------------------------------------------------------------------------
---------------------------------------------------------------------------------
Start Rebuilding User Hierarchy
---------------------------------------------------------------------------------
---------------------------------------------------------------------------------
Finished Rebuilding User Hierarchy : Time (s): cpu = 00:00:16 ; elapsed = 00:00:20 . Memory (MB): peak = 2451.191 ; gain = 328.551 ; free physical = 328 ; free virtual = 3597
---------------------------------------------------------------------------------
---------------------------------------------------------------------------------
Start Renaming Generated Ports
---------------------------------------------------------------------------------
---------------------------------------------------------------------------------
Finished Renaming Generated Ports : Time (s): cpu = 00:00:16 ; elapsed = 00:00:20 . Memory (MB): peak = 2451.191 ; gain = 328.551 ; free physical = 328 ; free virtual = 3597
---------------------------------------------------------------------------------
---------------------------------------------------------------------------------
Start Handling Custom Attributes
---------------------------------------------------------------------------------
---------------------------------------------------------------------------------
Finished Handling Custom Attributes : Time (s): cpu = 00:00:16 ; elapsed = 00:00:20 . Memory (MB): peak = 2451.191 ; gain = 328.551 ; free physical = 328 ; free virtual = 3597
---------------------------------------------------------------------------------
---------------------------------------------------------------------------------
Start Renaming Generated Nets
---------------------------------------------------------------------------------
---------------------------------------------------------------------------------
Finished Renaming Generated Nets : Time (s): cpu = 00:00:16 ; elapsed = 00:00:20 . Memory (MB): peak = 2451.191 ; gain = 328.551 ; free physical = 328 ; free virtual = 3597
---------------------------------------------------------------------------------
---------------------------------------------------------------------------------
Start Writing Synthesis Report
---------------------------------------------------------------------------------

Report BlackBoxes: 
+-+--------------+----------+
| |BlackBox name |Instances |
+-+--------------+----------+
+-+--------------+----------+

Report Cell Usage: 
+------+------+------+
|      |Cell  |Count |
+------+------+------+
|1     |BIBUF |   130|
|2     |BUFG  |     1|
|3     |LUT1  |   112|
|4     |PS7   |     1|
+------+------+------+
---------------------------------------------------------------------------------
Finished Writing Synthesis Report : Time (s): cpu = 00:00:16 ; elapsed = 00:00:20 . Memory (MB): peak = 2451.191 ; gain = 328.551 ; free physical = 328 ; free virtual = 3597
---------------------------------------------------------------------------------
Synthesis finished with 0 errors, 0 critical warnings and 0 warnings.
Synthesis Optimization Runtime : Time (s): cpu = 00:00:15 ; elapsed = 00:00:18 . Memory (MB): peak = 2451.191 ; gain = 236.770 ; free physical = 385 ; free virtual = 3653
Synthesis Optimization Complete : Time (s): cpu = 00:00:16 ; elapsed = 00:00:20 . Memory (MB): peak = 2451.199 ; gain = 328.551 ; free physical = 385 ; free virtual = 3653
INFO: [Project 1-571] Translating synthesized netlist
Netlist sorting complete. Time (s): cpu = 00:00:00.01 ; elapsed = 00:00:00.01 . Memory (MB): peak = 2451.199 ; gain = 0.000 ; free physical = 426 ; free virtual = 3702
INFO: [Project 1-570] Preparing netlist for logic optimization
INFO: [Opt 31-138] Pushed 0 inverter(s) to 0 load pin(s).
Netlist sorting complete. Time (s): cpu = 00:00:00 ; elapsed = 00:00:00 . Memory (MB): peak = 2462.098 ; gain = 0.000 ; free physical = 386 ; free virtual = 3664
INFO: [Project 1-111] Unisim Transformation Summary:
No Unisim elements were transformed.

INFO: [Common 17-83] Releasing license: Synthesis
69 Infos, 14 Warnings, 0 Critical Warnings and 0 Errors encountered.
synth_design completed successfully
synth_design: Time (s): cpu = 00:00:23 ; elapsed = 00:00:24 . Memory (MB): peak = 2462.098 ; gain = 339.477 ; free physical = 664 ; free virtual = 3942
INFO: [Common 17-1381] The checkpoint '/tmp/finn_dev_sss/vivado_zynq_proj_2lwn5jog/finn_zynq_link.runs/top_zynq_ps_0_synth_1/top_zynq_ps_0.dcp' has been generated.
WARNING: [Common 17-576] 'use_project_ipc' is deprecated. This option is deprecated and no longer used.
INFO: [Coretcl 2-1648] Added synthesis output to IP cache for IP top_zynq_ps_0, cache-ID = 22e118841e8c53b2
INFO: [Common 17-1381] The checkpoint '/tmp/finn_dev_sss/vivado_zynq_proj_2lwn5jog/finn_zynq_link.runs/top_zynq_ps_0_synth_1/top_zynq_ps_0.dcp' has been generated.
INFO: [runtcl-4] Executing : report_utilization -file top_zynq_ps_0_utilization_synth.rpt -pb top_zynq_ps_0_utilization_synth.pb
INFO: [Common 17-206] Exiting Vivado at Thu Oct 28 10:13:31 2021...
